<?xml version="1.0" encoding="UTF-8"?>
<coverage generated="1620645768123" clover="3.2.0">
  <project timestamp="1620645768123" name="All files">
    <metrics statements="10" coveredstatements="10" conditionals="0" coveredconditionals="0" methods="5" coveredmethods="5" elements="15" coveredelements="15" complexity="0" loc="10" ncloc="10" packages="1" files="2" classes="2"/>
    <file name="fortune.js" path="D:\Projects\js基础学习\reactdemo\meadowlark\lib\fortune.js">
      <metrics statements="4" coveredstatements="4" conditionals="0" coveredconditionals="0" methods="1" coveredmethods="1"/>
      <line num="1" count="1" type="stmt"/>
      <line num="9" count="1" type="stmt"/>
      <line num="10" count="1" type="stmt"/>
      <line num="11" count="1" type="stmt"/>
    </file>
    <file name="handlers.js" path="D:\Projects\js基础学习\reactdemo\meadowlark\lib\handlers.js">
      <metrics statements="6" coveredstatements="6" conditionals="0" coveredconditionals="0" methods="4" coveredmethods="4"/>
      <line num="1" count="1" type="stmt"/>
      <line num="2" count="1" type="stmt"/>
      <line num="4" count="1" type="stmt"/>
      <line num="5" count="1" type="stmt"/>
      <line num="7" count="1" type="stmt"/>
      <line num="9" count="1" type="stmt"/>
    </file>
  </project>
</coverage>
